<?xml version="1.0" encoding="UTF-8"?>
<!-- Generated by org.testng.reporters.JUnitXMLReporter -->
<testsuite hostname="SAPTEST_A00" name="Default test" tests="4" failures="0" timestamp="16 Aug 2017 14:06:48 GMT" time="10.644" errors="0">
  <testcase name="NuevosAlumnos" time="1.369" classname="Salle.TestClasses.SalleHeader"/>
  <testcase name="Alumnos" time="1.766" classname="Salle.TestClasses.SalleHeader"/>
  <testcase name="Alumni" time="1.308" classname="Salle.TestClasses.SalleHeader"/>
  <testcase name="Empresas" time="0.866" classname="Salle.TestClasses.SalleHeader"/>
</testsuite> <!-- Default test -->
