<?xml version="1.0" encoding="UTF-8"?>
<!-- Generated by org.testng.reporters.JUnitXMLReporter -->
<testsuite hostname="SAPTEST_A00" name="Default test" tests="4" failures="0" timestamp="14 Aug 2017 10:32:03 GMT" time="12.644" errors="0">
  <testcase name="NuevosAlumnos" time="0.935" classname="Salle.TestClasses.SalleHeader"/>
  <testcase name="Alumnos" time="1.462" classname="Salle.TestClasses.SalleHeader"/>
  <testcase name="Alumni" time="2.64" classname="Salle.TestClasses.SalleHeader"/>
  <testcase name="Empresas" time="0.001" classname="Salle.TestClasses.SalleHeader"/>
</testsuite> <!-- Default test -->
