<?xml version="1.0" encoding="UTF-8"?>
<testng-results skipped="0" failed="0" total="4" passed="4">
  <reporter-output>
  </reporter-output>
  <suite name="Default suite" duration-ms="12644" started-at="2017-08-14T10:31:51Z" finished-at="2017-08-14T10:32:03Z">
    <groups>
    </groups>
    <test name="Default test" duration-ms="12644" started-at="2017-08-14T10:31:51Z" finished-at="2017-08-14T10:32:03Z">
      <class name="Salle.TestClasses.SalleHeader">
        <test-method status="PASS" signature="AntesHeader()[pri:0, instance:Salle.TestClasses.SalleHeader@537f60bf]" name="AntesHeader" is-config="true" duration-ms="6763" started-at="2017-08-14T12:31:51Z" finished-at="2017-08-14T12:31:57Z">
          <reporter-output>
          </reporter-output>
        </test-method> <!-- AntesHeader -->
        <test-method status="PASS" signature="NuevosAlumnos()[pri:0, instance:Salle.TestClasses.SalleHeader@537f60bf]" name="NuevosAlumnos" duration-ms="935" started-at="2017-08-14T12:31:57Z" finished-at="2017-08-14T12:31:58Z">
          <reporter-output>
          </reporter-output>
        </test-method> <!-- NuevosAlumnos -->
        <test-method status="PASS" signature="Alumnos()[pri:0, instance:Salle.TestClasses.SalleHeader@537f60bf]" name="Alumnos" duration-ms="1462" started-at="2017-08-14T12:31:58Z" finished-at="2017-08-14T12:32:00Z">
          <reporter-output>
          </reporter-output>
        </test-method> <!-- Alumnos -->
        <test-method status="PASS" signature="Alumni()[pri:0, instance:Salle.TestClasses.SalleHeader@537f60bf]" name="Alumni" duration-ms="2640" started-at="2017-08-14T12:32:00Z" finished-at="2017-08-14T12:32:02Z">
          <reporter-output>
          </reporter-output>
        </test-method> <!-- Alumni -->
        <test-method status="PASS" signature="Empresas()[pri:0, instance:Salle.TestClasses.SalleHeader@537f60bf]" name="Empresas" duration-ms="1" started-at="2017-08-14T12:32:02Z" finished-at="2017-08-14T12:32:02Z">
          <reporter-output>
          </reporter-output>
        </test-method> <!-- Empresas -->
        <test-method status="PASS" signature="DespuesHeader()[pri:0, instance:Salle.TestClasses.SalleHeader@537f60bf]" name="DespuesHeader" is-config="true" duration-ms="830" started-at="2017-08-14T12:32:02Z" finished-at="2017-08-14T12:32:03Z">
          <reporter-output>
          </reporter-output>
        </test-method> <!-- DespuesHeader -->
      </class> <!-- Salle.TestClasses.SalleHeader -->
    </test> <!-- Default test -->
  </suite> <!-- Default suite -->
</testng-results>
